<?xml version="1.0" encoding="UTF-8"?>
<!-- Generated by org.testng.reporters.JUnitReportReporter -->
<testsuite hostname="192.168.1.5" failures="0" tests="1" name="TestAutomation" time="0.545" errors="0" timestamp="2023-05-07T18:46:52 IST" skipped="0">
  <testcase classname="TestAutomation" name="simpletest" time="0.545"/>
  <system-out/>
</testsuite> <!-- TestAutomation -->
