<?xml version="1.0" encoding="UTF-8"?>
<!-- Generated by org.testng.reporters.JUnitReportReporter -->
<testsuite hostname="192.168.1.5" failures="0" tests="1" name="AutomateGET" time="3.667" errors="0" timestamp="2023-05-07T21:03:28 IST" skipped="0">
  <testcase classname="AutomateGET" name="validate_post_request_payload_from_file" time="3.667"/>
  <system-out/>
</testsuite> <!-- AutomateGET -->
